
Due to MODULEPATH changes, the following have been reloaded:
  1) libfabric/1.10.1     2) openmpi/4.0.3     3) ucx/1.8.0

Logger has been set to: INFO
>> No initial CP spacing given: using diffeo kernel width of 0.05
OMP_NUM_THREADS was not found in environment variables. An automatic value will be set.
OMP_NUM_THREADS will be set to 24
>> No specified state-file. By default, Deformetrica state will by saved in file: /home/jakaria/jakariaTest/hippoData_regstrd_disease_whole_roi_extra_tle/deformetrica-state.p.
>> Set of 1575 control points defined.
>> Momenta initialized to zero, for 21 subjects.
>> Started estimator: GradientAscent
------------------------------------- Iteration: 0 -------------------------------------
>> Log-likelihood = -2.547E+02 	 [ attachment = -2.547E+02 ; regularity = 0.000E+00 ]
>> Step size and gradient norm: 
		8.297E-05   and   6.026E+03 	[ landmark_points ]
		8.025E-04   and   6.230E+02 	[ momenta ]
------------------------------------- Iteration: 1 -------------------------------------
>> Log-likelihood = -1.316E+02 	 [ attachment = -1.307E+02 ; regularity = -9.074E-01 ]
>> Step size and gradient norm: 
		1.245E-04   and   6.272E+03 	[ landmark_points ]
		1.204E-03   and   5.458E+02 	[ momenta ]
>> Step size and gradient norm: 
		6.223E-05   and   6.272E+03 	[ landmark_points ]
		6.019E-04   and   5.458E+02 	[ momenta ]
------------------------------------- Iteration: 2 -------------------------------------
>> Log-likelihood = -8.312E+01 	 [ attachment = -8.245E+01 ; regularity = -6.705E-01 ]
>> Step size and gradient norm: 
		9.334E-05   and   7.269E+03 	[ landmark_points ]
		9.029E-04   and   4.777E+02 	[ momenta ]
>> Step size and gradient norm: 
		4.667E-05   and   7.269E+03 	[ landmark_points ]
		4.514E-04   and   4.777E+02 	[ momenta ]
------------------------------------- Iteration: 3 -------------------------------------
>> Log-likelihood = -4.985E+01 	 [ attachment = -4.889E+01 ; regularity = -9.661E-01 ]
>> Step size and gradient norm: 
		7.001E-05   and   5.521E+03 	[ landmark_points ]
		6.771E-04   and   3.634E+02 	[ momenta ]
------------------------------------- Iteration: 4 -------------------------------------
>> Log-likelihood = -4.011E+01 	 [ attachment = -3.919E+01 ; regularity = -9.283E-01 ]
>> Step size and gradient norm: 
		7.001E-05   and   5.230E+03 	[ landmark_points ]
		3.386E-04   and   3.297E+02 	[ momenta ]
------------------------------------- Iteration: 5 -------------------------------------
>> Log-likelihood = -3.485E+01 	 [ attachment = -3.377E+01 ; regularity = -1.078E+00 ]
>> Step size and gradient norm: 
		1.050E-04   and   5.038E+03 	[ landmark_points ]
		5.079E-04   and   3.236E+02 	[ momenta ]
>> Step size and gradient norm: 
		5.251E-05   and   5.038E+03 	[ landmark_points ]
		2.539E-04   and   3.236E+02 	[ momenta ]
------------------------------------- Iteration: 6 -------------------------------------
>> Log-likelihood = -1.946E+01 	 [ attachment = -1.841E+01 ; regularity = -1.048E+00 ]
>> Step size and gradient norm: 
		7.876E-05   and   2.698E+03 	[ landmark_points ]
		3.809E-04   and   1.825E+02 	[ momenta ]
------------------------------------- Iteration: 7 -------------------------------------
>> Log-likelihood = -1.499E+01 	 [ attachment = -1.384E+01 ; regularity = -1.145E+00 ]
>> Step size and gradient norm: 
		3.938E-05   and   2.076E+03 	[ landmark_points ]
		3.809E-04   and   1.459E+02 	[ momenta ]
------------------------------------- Iteration: 8 -------------------------------------
>> Log-likelihood = -1.216E+01 	 [ attachment = -1.100E+01 ; regularity = -1.156E+00 ]
>> Step size and gradient norm: 
		5.907E-05   and   1.734E+03 	[ landmark_points ]
		5.713E-04   and   1.206E+02 	[ momenta ]
------------------------------------- Iteration: 9 -------------------------------------
>> Log-likelihood = -1.053E+01 	 [ attachment = -9.329E+00 ; regularity = -1.200E+00 ]
>> Step size and gradient norm: 
		5.907E-05   and   1.498E+03 	[ landmark_points ]
		2.857E-04   and   1.069E+02 	[ momenta ]
------------------------------------- Iteration: 10 -------------------------------------
>> Log-likelihood = -9.304E+00 	 [ attachment = -8.092E+00 ; regularity = -1.212E+00 ]
>> Step size and gradient norm: 
		8.860E-05   and   1.356E+03 	[ landmark_points ]
		4.285E-04   and   9.603E+01 	[ momenta ]
------------------------------------- Iteration: 11 -------------------------------------
>> Log-likelihood = -8.444E+00 	 [ attachment = -7.181E+00 ; regularity = -1.263E+00 ]
>> Step size and gradient norm: 
		4.430E-05   and   1.488E+03 	[ landmark_points ]
		4.285E-04   and   1.005E+02 	[ momenta ]
------------------------------------- Iteration: 12 -------------------------------------
>> Log-likelihood = -7.932E+00 	 [ attachment = -6.657E+00 ; regularity = -1.275E+00 ]
>> Step size and gradient norm: 
		6.645E-05   and   1.655E+03 	[ landmark_points ]
		6.428E-04   and   1.079E+02 	[ momenta ]
------------------------------------- Iteration: 13 -------------------------------------
>> Log-likelihood = -7.919E+00 	 [ attachment = -6.613E+00 ; regularity = -1.306E+00 ]
>> Step size and gradient norm: 
		6.645E-05   and   1.902E+03 	[ landmark_points ]
		3.214E-04   and   1.211E+02 	[ momenta ]
------------------------------------- Iteration: 14 -------------------------------------
>> Log-likelihood = -6.100E+00 	 [ attachment = -4.790E+00 ; regularity = -1.309E+00 ]
>> Step size and gradient norm: 
		3.323E-05   and   1.131E+03 	[ landmark_points ]
		3.214E-04   and   7.605E+01 	[ momenta ]
------------------------------------- Iteration: 15 -------------------------------------
>> Log-likelihood = -5.277E+00 	 [ attachment = -3.947E+00 ; regularity = -1.329E+00 ]
>> Step size and gradient norm: 
		4.984E-05   and   6.966E+02 	[ landmark_points ]
		4.821E-04   and   5.113E+01 	[ momenta ]
------------------------------------- Iteration: 16 -------------------------------------
>> Log-likelihood = -5.117E+00 	 [ attachment = -3.772E+00 ; regularity = -1.345E+00 ]
>> Step size and gradient norm: 
		7.476E-05   and   9.743E+02 	[ landmark_points ]
		7.231E-04   and   6.470E+01 	[ momenta ]
>> Step size and gradient norm: 
		3.738E-05   and   9.743E+02 	[ landmark_points ]
		3.616E-04   and   6.470E+01 	[ momenta ]
------------------------------------- Iteration: 17 -------------------------------------
>> Log-likelihood = -4.675E+00 	 [ attachment = -3.313E+00 ; regularity = -1.362E+00 ]
>> Step size and gradient norm: 
		5.607E-05   and   7.965E+02 	[ landmark_points ]
		5.423E-04   and   5.385E+01 	[ momenta ]
------------------------------------- Iteration: 18 -------------------------------------
>> Log-likelihood = -4.399E+00 	 [ attachment = -3.032E+00 ; regularity = -1.367E+00 ]
>> Step size and gradient norm: 
		5.607E-05   and   6.819E+02 	[ landmark_points ]
		2.712E-04   and   4.675E+01 	[ momenta ]
------------------------------------- Iteration: 19 -------------------------------------
>> Log-likelihood = -4.173E+00 	 [ attachment = -2.797E+00 ; regularity = -1.376E+00 ]
>> Step size and gradient norm: 
		8.411E-05   and   5.845E+02 	[ landmark_points ]
		4.067E-04   and   4.102E+01 	[ momenta ]
------------------------------------- Iteration: 20 -------------------------------------
>> Log-likelihood = -4.016E+00 	 [ attachment = -2.632E+00 ; regularity = -1.383E+00 ]
>> Step size and gradient norm: 
		4.205E-05   and   6.197E+02 	[ landmark_points ]
		4.067E-04   and   4.187E+01 	[ momenta ]
------------------------------------- Iteration: 21 -------------------------------------
>> Log-likelihood = -3.893E+00 	 [ attachment = -2.499E+00 ; regularity = -1.394E+00 ]
>> Step size and gradient norm: 
		6.308E-05   and   6.534E+02 	[ landmark_points ]
		6.101E-04   and   4.329E+01 	[ momenta ]
------------------------------------- Iteration: 22 -------------------------------------
>> Log-likelihood = -3.842E+00 	 [ attachment = -2.445E+00 ; regularity = -1.397E+00 ]
>> Step size and gradient norm: 
		6.308E-05   and   7.165E+02 	[ landmark_points ]
		3.051E-04   and   4.656E+01 	[ momenta ]
------------------------------------- Iteration: 23 -------------------------------------
>> Log-likelihood = -3.812E+00 	 [ attachment = -2.408E+00 ; regularity = -1.404E+00 ]
>> Step size and gradient norm: 
		9.462E-05   and   7.878E+02 	[ landmark_points ]
		4.576E-04   and   5.045E+01 	[ momenta ]
>> Step size and gradient norm: 
		4.731E-05   and   7.878E+02 	[ landmark_points ]
		2.288E-04   and   5.045E+01 	[ momenta ]
------------------------------------- Iteration: 24 -------------------------------------
>> Log-likelihood = -3.513E+00 	 [ attachment = -2.108E+00 ; regularity = -1.406E+00 ]
>> Step size and gradient norm: 
		7.096E-05   and   4.613E+02 	[ landmark_points ]
		3.432E-04   and   3.145E+01 	[ momenta ]
------------------------------------- Iteration: 25 -------------------------------------
>> Log-likelihood = -3.383E+00 	 [ attachment = -1.972E+00 ; regularity = -1.411E+00 ]
>> Step size and gradient norm: 
		3.548E-05   and   3.446E+02 	[ landmark_points ]
		3.432E-04   and   2.487E+01 	[ momenta ]
------------------------------------- Iteration: 26 -------------------------------------
>> Log-likelihood = -3.287E+00 	 [ attachment = -1.873E+00 ; regularity = -1.414E+00 ]
>> Step size and gradient norm: 
		5.322E-05   and   2.654E+02 	[ landmark_points ]
		5.148E-04   and   2.013E+01 	[ momenta ]
------------------------------------- Iteration: 27 -------------------------------------
>> Log-likelihood = -3.261E+00 	 [ attachment = -1.840E+00 ; regularity = -1.421E+00 ]
>> Step size and gradient norm: 
		7.983E-05   and   4.191E+02 	[ landmark_points ]
		7.722E-04   and   2.827E+01 	[ momenta ]
>> Step size and gradient norm: 
		3.992E-05   and   4.191E+02 	[ landmark_points ]
		3.861E-04   and   2.827E+01 	[ momenta ]
------------------------------------- Iteration: 28 -------------------------------------
>> Log-likelihood = -3.198E+00 	 [ attachment = -1.775E+00 ; regularity = -1.423E+00 ]
>> Step size and gradient norm: 
		5.988E-05   and   4.108E+02 	[ landmark_points ]
		5.791E-04   and   2.739E+01 	[ momenta ]
------------------------------------- Iteration: 29 -------------------------------------
>> Log-likelihood = -3.154E+00 	 [ attachment = -1.728E+00 ; regularity = -1.426E+00 ]
>> Step size and gradient norm: 
		5.988E-05   and   4.118E+02 	[ landmark_points ]
		2.896E-04   and   2.744E+01 	[ momenta ]
------------------------------------- Iteration: 30 -------------------------------------
>> Log-likelihood = -3.116E+00 	 [ attachment = -1.689E+00 ; regularity = -1.427E+00 ]
>> Step size and gradient norm: 
		8.981E-05   and   4.183E+02 	[ landmark_points ]
		4.344E-04   and   2.759E+01 	[ momenta ]
------------------------------------- Iteration: 31 -------------------------------------
>> Log-likelihood = -3.115E+00 	 [ attachment = -1.683E+00 ; regularity = -1.432E+00 ]
>> Step size and gradient norm: 
		4.491E-05   and   5.083E+02 	[ landmark_points ]
		4.344E-04   and   3.288E+01 	[ momenta ]
------------------------------------- Iteration: 32 -------------------------------------
>> Log-likelihood = -2.978E+00 	 [ attachment = -1.546E+00 ; regularity = -1.432E+00 ]
>> Step size and gradient norm: 
		4.491E-05   and   2.643E+02 	[ landmark_points ]
		2.172E-04   and   1.856E+01 	[ momenta ]
------------------------------------- Iteration: 33 -------------------------------------
>> Log-likelihood = -2.924E+00 	 [ attachment = -1.491E+00 ; regularity = -1.434E+00 ]
>> Step size and gradient norm: 
		6.736E-05   and   1.377E+02 	[ landmark_points ]
		3.258E-04   and   1.240E+01 	[ momenta ]
------------------------------------- Iteration: 34 -------------------------------------
>> Log-likelihood = -2.895E+00 	 [ attachment = -1.460E+00 ; regularity = -1.435E+00 ]
>> Step size and gradient norm: 
		1.010E-04   and   1.750E+02 	[ landmark_points ]
		4.886E-04   and   1.374E+01 	[ momenta ]
------------------------------------- Iteration: 35 -------------------------------------
>> Log-likelihood = -2.873E+00 	 [ attachment = -1.435E+00 ; regularity = -1.438E+00 ]
>> Step size and gradient norm: 
		5.052E-05   and   2.569E+02 	[ landmark_points ]
		4.886E-04   and   1.793E+01 	[ momenta ]
------------------------------------- Iteration: 36 -------------------------------------
>> Log-likelihood = -2.831E+00 	 [ attachment = -1.393E+00 ; regularity = -1.438E+00 ]
>> Step size and gradient norm: 
		5.052E-05   and   1.846E+02 	[ landmark_points ]
		2.443E-04   and   1.382E+01 	[ momenta ]
------------------------------------- Iteration: 37 -------------------------------------
>> Log-likelihood = -2.800E+00 	 [ attachment = -1.361E+00 ; regularity = -1.440E+00 ]
>> Step size and gradient norm: 
		7.578E-05   and   1.301E+02 	[ landmark_points ]
		3.665E-04   and   1.131E+01 	[ momenta ]
------------------------------------- Iteration: 38 -------------------------------------
>> Log-likelihood = -2.783E+00 	 [ attachment = -1.343E+00 ; regularity = -1.441E+00 ]
>> Step size and gradient norm: 
		1.137E-04   and   2.019E+02 	[ landmark_points ]
		5.497E-04   and   1.452E+01 	[ momenta ]
>> Step size and gradient norm: 
		5.684E-05   and   2.019E+02 	[ landmark_points ]
		2.749E-04   and   1.452E+01 	[ momenta ]
------------------------------------- Iteration: 39 -------------------------------------
>> Log-likelihood = -2.758E+00 	 [ attachment = -1.316E+00 ; regularity = -1.442E+00 ]
>> Step size and gradient norm: 
		8.525E-05   and   1.840E+02 	[ landmark_points ]
		4.123E-04   and   1.367E+01 	[ momenta ]
------------------------------------- Iteration: 40 -------------------------------------
>> Log-likelihood = -2.736E+00 	 [ attachment = -1.293E+00 ; regularity = -1.443E+00 ]
>> Step size and gradient norm: 
		4.263E-05   and   2.082E+02 	[ landmark_points ]
		4.123E-04   and   1.461E+01 	[ momenta ]
------------------------------------- Iteration: 41 -------------------------------------
>> Log-likelihood = -2.717E+00 	 [ attachment = -1.272E+00 ; regularity = -1.445E+00 ]
>> Step size and gradient norm: 
		6.394E-05   and   2.292E+02 	[ landmark_points ]
		6.184E-04   and   1.588E+01 	[ momenta ]
------------------------------------- Iteration: 42 -------------------------------------
>> Log-likelihood = -2.707E+00 	 [ attachment = -1.262E+00 ; regularity = -1.445E+00 ]
>> Step size and gradient norm: 
		6.394E-05   and   2.674E+02 	[ landmark_points ]
		3.092E-04   and   1.778E+01 	[ momenta ]
------------------------------------- Iteration: 43 -------------------------------------
>> Log-likelihood = -2.702E+00 	 [ attachment = -1.256E+00 ; regularity = -1.446E+00 ]
>> Step size and gradient norm: 
		9.591E-05   and   3.075E+02 	[ landmark_points ]
		4.638E-04   and   2.025E+01 	[ momenta ]
>> Step size and gradient norm: 
		4.795E-05   and   3.075E+02 	[ landmark_points ]
		2.319E-04   and   2.025E+01 	[ momenta ]
------------------------------------- Iteration: 44 -------------------------------------
>> Log-likelihood = -2.654E+00 	 [ attachment = -1.208E+00 ; regularity = -1.446E+00 ]
>> Step size and gradient norm: 
		7.193E-05   and   1.940E+02 	[ landmark_points ]
		3.479E-04   and   1.356E+01 	[ momenta ]
------------------------------------- Iteration: 45 -------------------------------------
>> Log-likelihood = -2.628E+00 	 [ attachment = -1.181E+00 ; regularity = -1.447E+00 ]
>> Step size and gradient norm: 
		3.597E-05   and   1.513E+02 	[ landmark_points ]
		3.479E-04   and   1.139E+01 	[ momenta ]
------------------------------------- Iteration: 46 -------------------------------------
>> Log-likelihood = -2.606E+00 	 [ attachment = -1.159E+00 ; regularity = -1.447E+00 ]
>> Step size and gradient norm: 
		5.395E-05   and   1.233E+02 	[ landmark_points ]
		5.218E-04   and   9.688E+00 	[ momenta ]
------------------------------------- Iteration: 47 -------------------------------------
>> Log-likelihood = -2.597E+00 	 [ attachment = -1.148E+00 ; regularity = -1.449E+00 ]
>> Step size and gradient norm: 
		8.092E-05   and   1.999E+02 	[ landmark_points ]
		7.827E-04   and   1.386E+01 	[ momenta ]
>> Step size and gradient norm: 
		4.046E-05   and   1.999E+02 	[ landmark_points ]
		3.914E-04   and   1.386E+01 	[ momenta ]
------------------------------------- Iteration: 48 -------------------------------------
>> Log-likelihood = -2.581E+00 	 [ attachment = -1.132E+00 ; regularity = -1.449E+00 ]
>> Step size and gradient norm: 
		6.069E-05   and   2.055E+02 	[ landmark_points ]
		5.870E-04   and   1.390E+01 	[ momenta ]
------------------------------------- Iteration: 49 -------------------------------------
>> Log-likelihood = -2.569E+00 	 [ attachment = -1.120E+00 ; regularity = -1.450E+00 ]
>> Step size and gradient norm: 
		6.069E-05   and   2.128E+02 	[ landmark_points ]
		2.935E-04   and   1.448E+01 	[ momenta ]
------------------------------------- Iteration: 50 -------------------------------------
>> Log-likelihood = -2.559E+00 	 [ attachment = -1.109E+00 ; regularity = -1.449E+00 ]
>> Step size and gradient norm: 
		9.104E-05   and   2.256E+02 	[ landmark_points ]
		4.403E-04   and   1.498E+01 	[ momenta ]
>> Step size and gradient norm: 
		4.552E-05   and   2.256E+02 	[ landmark_points ]
		2.201E-04   and   1.498E+01 	[ momenta ]
------------------------------------- Iteration: 51 -------------------------------------
>> Log-likelihood = -2.528E+00 	 [ attachment = -1.078E+00 ; regularity = -1.450E+00 ]
>> Step size and gradient norm: 
		6.828E-05   and   1.213E+02 	[ landmark_points ]
		3.302E-04   and   9.433E+00 	[ momenta ]
------------------------------------- Iteration: 52 -------------------------------------
>> Log-likelihood = -2.520E+00 	 [ attachment = -1.070E+00 ; regularity = -1.450E+00 ]
>> Step size and gradient norm: 
		1.024E-04   and   1.601E+02 	[ landmark_points ]
		4.953E-04   and   1.124E+01 	[ momenta ]
>> Step size and gradient norm: 
		5.121E-05   and   1.601E+02 	[ landmark_points ]
		2.477E-04   and   1.124E+01 	[ momenta ]
------------------------------------- Iteration: 53 -------------------------------------
>> Log-likelihood = -2.503E+00 	 [ attachment = -1.053E+00 ; regularity = -1.450E+00 ]
>> Step size and gradient norm: 
		7.681E-05   and   1.163E+02 	[ landmark_points ]
		3.715E-04   and   9.078E+00 	[ momenta ]
------------------------------------- Iteration: 54 -------------------------------------
>> Log-likelihood = -2.500E+00 	 [ attachment = -1.050E+00 ; regularity = -1.450E+00 ]
>> Step size and gradient norm: 
		1.152E-04   and   1.865E+02 	[ landmark_points ]
		5.572E-04   and   1.263E+01 	[ momenta ]
>> Step size and gradient norm: 
		5.761E-05   and   1.865E+02 	[ landmark_points ]
		2.786E-04   and   1.263E+01 	[ momenta ]
------------------------------------- Iteration: 55 -------------------------------------
>> Log-likelihood = -2.488E+00 	 [ attachment = -1.037E+00 ; regularity = -1.451E+00 ]
>> Step size and gradient norm: 
		8.642E-05   and   1.753E+02 	[ landmark_points ]
		4.179E-04   and   1.213E+01 	[ momenta ]
------------------------------------- Iteration: 56 -------------------------------------
>> Log-likelihood = -2.479E+00 	 [ attachment = -1.029E+00 ; regularity = -1.450E+00 ]
>> Step size and gradient norm: 
		4.321E-05   and   2.034E+02 	[ landmark_points ]
		4.179E-04   and   1.352E+01 	[ momenta ]
------------------------------------- Iteration: 57 -------------------------------------
>> Log-likelihood = -2.474E+00 	 [ attachment = -1.023E+00 ; regularity = -1.451E+00 ]
>> Step size and gradient norm: 
		6.481E-05   and   2.308E+02 	[ landmark_points ]
		6.269E-04   and   1.527E+01 	[ momenta ]
>> Step size and gradient norm: 
		3.241E-05   and   2.308E+02 	[ landmark_points ]
		3.134E-04   and   1.527E+01 	[ momenta ]
------------------------------------- Iteration: 58 -------------------------------------
>> Log-likelihood = -2.445E+00 	 [ attachment = -9.941E-01 ; regularity = -1.451E+00 ]
>> Step size and gradient norm: 
		4.861E-05   and   1.446E+02 	[ landmark_points ]
		4.702E-04   and   1.012E+01 	[ momenta ]
------------------------------------- Iteration: 59 -------------------------------------
>> Log-likelihood = -2.443E+00 	 [ attachment = -9.917E-01 ; regularity = -1.451E+00 ]
>> Step size and gradient norm: 
		7.291E-05   and   2.008E+02 	[ landmark_points ]
		7.052E-04   and   1.347E+01 	[ momenta ]
>> Step size and gradient norm: 
		3.646E-05   and   2.008E+02 	[ landmark_points ]
		3.526E-04   and   1.347E+01 	[ momenta ]
------------------------------------- Iteration: 60 -------------------------------------
>> Log-likelihood = -2.425E+00 	 [ attachment = -9.741E-01 ; regularity = -1.451E+00 ]
>> Step size and gradient norm: 
		5.469E-05   and   1.665E+02 	[ landmark_points ]
		5.289E-04   and   1.127E+01 	[ momenta ]
------------------------------------- Iteration: 61 -------------------------------------
>> Log-likelihood = -2.412E+00 	 [ attachment = -9.610E-01 ; regularity = -1.451E+00 ]
>> Step size and gradient norm: 
		5.469E-05   and   1.393E+02 	[ landmark_points ]
		2.645E-04   and   9.903E+00 	[ momenta ]
------------------------------------- Iteration: 62 -------------------------------------
>> Log-likelihood = -2.401E+00 	 [ attachment = -9.500E-01 ; regularity = -1.451E+00 ]
>> Step size and gradient norm: 
		8.203E-05   and   1.203E+02 	[ landmark_points ]
		3.967E-04   and   8.698E+00 	[ momenta ]
------------------------------------- Iteration: 63 -------------------------------------
>> Log-likelihood = -2.391E+00 	 [ attachment = -9.401E-01 ; regularity = -1.451E+00 ]
>> Step size and gradient norm: 
		4.101E-05   and   1.230E+02 	[ landmark_points ]
		3.967E-04   and   8.940E+00 	[ momenta ]
------------------------------------- Iteration: 64 -------------------------------------
>> Log-likelihood = -2.382E+00 	 [ attachment = -9.311E-01 ; regularity = -1.451E+00 ]
>> Step size and gradient norm: 
		6.152E-05   and   1.302E+02 	[ landmark_points ]
		5.950E-04   and   9.140E+00 	[ momenta ]
------------------------------------- Iteration: 65 -------------------------------------
>> Log-likelihood = -2.375E+00 	 [ attachment = -9.241E-01 ; regularity = -1.451E+00 ]
>> Step size and gradient norm: 
		6.152E-05   and   1.379E+02 	[ landmark_points ]
		2.975E-04   and   9.713E+00 	[ momenta ]
------------------------------------- Iteration: 66 -------------------------------------
>> Log-likelihood = -2.369E+00 	 [ attachment = -9.181E-01 ; regularity = -1.451E+00 ]
>> Step size and gradient norm: 
		9.228E-05   and   1.506E+02 	[ landmark_points ]
		4.463E-04   and   1.024E+01 	[ momenta ]
------------------------------------- Iteration: 67 -------------------------------------
>> Log-likelihood = -2.367E+00 	 [ attachment = -9.163E-01 ; regularity = -1.451E+00 ]
>> Step size and gradient norm: 
		4.614E-05   and   1.921E+02 	[ landmark_points ]
		4.463E-04   and   1.276E+01 	[ momenta ]
------------------------------------- Iteration: 68 -------------------------------------
>> Log-likelihood = -2.346E+00 	 [ attachment = -8.959E-01 ; regularity = -1.450E+00 ]
>> Step size and gradient norm: 
		4.614E-05   and   1.099E+02 	[ landmark_points ]
		2.231E-04   and   7.949E+00 	[ momenta ]
------------------------------------- Iteration: 69 -------------------------------------
>> Log-likelihood = -2.336E+00 	 [ attachment = -8.855E-01 ; regularity = -1.450E+00 ]
>> Step size and gradient norm: 
		6.921E-05   and   6.168E+01 	[ landmark_points ]
		3.347E-04   and   5.757E+00 	[ momenta ]
------------------------------------- Iteration: 70 -------------------------------------
>> Log-likelihood = -2.329E+00 	 [ attachment = -8.791E-01 ; regularity = -1.450E+00 ]
>> Step size and gradient norm: 
		1.038E-04   and   8.339E+01 	[ landmark_points ]
		5.021E-04   and   6.578E+00 	[ momenta ]
------------------------------------- Iteration: 71 -------------------------------------
>> Log-likelihood = -2.324E+00 	 [ attachment = -8.743E-01 ; regularity = -1.450E+00 ]
>> Step size and gradient norm: 
		5.191E-05   and   1.277E+02 	[ landmark_points ]
		5.021E-04   and   8.970E+00 	[ momenta ]
------------------------------------- Iteration: 72 -------------------------------------
>> Log-likelihood = -2.314E+00 	 [ attachment = -8.645E-01 ; regularity = -1.450E+00 ]
>> Step size and gradient norm: 
		5.191E-05   and   9.824E+01 	[ landmark_points ]
		2.510E-04   and   7.255E+00 	[ momenta ]
------------------------------------- Iteration: 73 -------------------------------------
>> Log-likelihood = -2.306E+00 	 [ attachment = -8.564E-01 ; regularity = -1.450E+00 ]
>> Step size and gradient norm: 
		7.786E-05   and   7.345E+01 	[ landmark_points ]
		3.766E-04   and   6.143E+00 	[ momenta ]
------------------------------------- Iteration: 74 -------------------------------------
>> Log-likelihood = -2.303E+00 	 [ attachment = -8.534E-01 ; regularity = -1.449E+00 ]
>> Step size and gradient norm: 
		1.168E-04   and   1.203E+02 	[ landmark_points ]
		5.648E-04   and   8.391E+00 	[ momenta ]
>> Step size and gradient norm: 
		5.840E-05   and   1.203E+02 	[ landmark_points ]
		2.824E-04   and   8.391E+00 	[ momenta ]
------------------------------------- Iteration: 75 -------------------------------------
>> Log-likelihood = -2.296E+00 	 [ attachment = -8.468E-01 ; regularity = -1.449E+00 ]
>> Step size and gradient norm: 
		8.759E-05   and   1.157E+02 	[ landmark_points ]
		4.236E-04   and   8.265E+00 	[ momenta ]
------------------------------------- Iteration: 76 -------------------------------------
>> Log-likelihood = -2.291E+00 	 [ attachment = -8.423E-01 ; regularity = -1.449E+00 ]
>> Step size and gradient norm: 
		4.380E-05   and   1.383E+02 	[ landmark_points ]
		4.236E-04   and   9.332E+00 	[ momenta ]
------------------------------------- Iteration: 77 -------------------------------------
>> Log-likelihood = -2.287E+00 	 [ attachment = -8.387E-01 ; regularity = -1.449E+00 ]
>> Step size and gradient norm: 
		6.570E-05   and   1.599E+02 	[ landmark_points ]
		6.354E-04   and   1.075E+01 	[ momenta ]
>> Step size and gradient norm: 
		3.285E-05   and   1.599E+02 	[ landmark_points ]
		3.177E-04   and   1.075E+01 	[ momenta ]
------------------------------------- Iteration: 78 -------------------------------------
>> Log-likelihood = -2.273E+00 	 [ attachment = -8.244E-01 ; regularity = -1.448E+00 ]
>> Step size and gradient norm: 
		4.927E-05   and   1.044E+02 	[ landmark_points ]
		4.766E-04   and   7.405E+00 	[ momenta ]
------------------------------------- Iteration: 79 -------------------------------------
>> Log-likelihood = -2.271E+00 	 [ attachment = -8.228E-01 ; regularity = -1.448E+00 ]
>> Step size and gradient norm: 
		7.391E-05   and   1.473E+02 	[ landmark_points ]
		7.149E-04   and   9.988E+00 	[ momenta ]
>> Step size and gradient norm: 
		3.695E-05   and   1.473E+02 	[ landmark_points ]
		3.574E-04   and   9.988E+00 	[ momenta ]
------------------------------------- Iteration: 80 -------------------------------------
>> Log-likelihood = -2.261E+00 	 [ attachment = -8.134E-01 ; regularity = -1.447E+00 ]
>> Step size and gradient norm: 
		5.543E-05   and   1.263E+02 	[ landmark_points ]
		5.361E-04   and   8.573E+00 	[ momenta ]
------------------------------------- Iteration: 81 -------------------------------------
>> Log-likelihood = -2.253E+00 	 [ attachment = -8.061E-01 ; regularity = -1.447E+00 ]
>> Step size and gradient norm: 
		5.543E-05   and   1.081E+02 	[ landmark_points ]
		2.681E-04   and   7.744E+00 	[ momenta ]
------------------------------------- Iteration: 82 -------------------------------------
>> Log-likelihood = -2.247E+00 	 [ attachment = -7.998E-01 ; regularity = -1.447E+00 ]
>> Step size and gradient norm: 
		8.315E-05   and   9.648E+01 	[ landmark_points ]
		4.021E-04   and   6.930E+00 	[ momenta ]
------------------------------------- Iteration: 83 -------------------------------------
>> Log-likelihood = -2.241E+00 	 [ attachment = -7.941E-01 ; regularity = -1.447E+00 ]
>> Step size and gradient norm: 
		4.157E-05   and   1.008E+02 	[ landmark_points ]
		4.021E-04   and   7.281E+00 	[ momenta ]
------------------------------------- Iteration: 84 -------------------------------------
>> Log-likelihood = -2.235E+00 	 [ attachment = -7.890E-01 ; regularity = -1.446E+00 ]
>> Step size and gradient norm: 
		6.236E-05   and   1.098E+02 	[ landmark_points ]
		6.032E-04   and   7.598E+00 	[ momenta ]
------------------------------------- Iteration: 85 -------------------------------------
>> Log-likelihood = -2.231E+00 	 [ attachment = -7.853E-01 ; regularity = -1.446E+00 ]
>> Step size and gradient norm: 
		6.236E-05   and   1.189E+02 	[ landmark_points ]
		3.016E-04   and   8.278E+00 	[ momenta ]
------------------------------------- Iteration: 86 -------------------------------------
>> Log-likelihood = -2.228E+00 	 [ attachment = -7.824E-01 ; regularity = -1.446E+00 ]
>> Step size and gradient norm: 
		9.354E-05   and   1.334E+02 	[ landmark_points ]
		4.524E-04   and   8.916E+00 	[ momenta ]
>> Step size and gradient norm: 
		4.677E-05   and   1.334E+02 	[ landmark_points ]
		2.262E-04   and   8.916E+00 	[ momenta ]
------------------------------------- Iteration: 87 -------------------------------------
>> Log-likelihood = -2.217E+00 	 [ attachment = -7.718E-01 ; regularity = -1.446E+00 ]
>> Step size and gradient norm: 
		7.016E-05   and   7.691E+01 	[ landmark_points ]
		3.393E-04   and   5.983E+00 	[ momenta ]
------------------------------------- Iteration: 88 -------------------------------------
>> Log-likelihood = -2.215E+00 	 [ attachment = -7.695E-01 ; regularity = -1.445E+00 ]
>> Step size and gradient norm: 
		1.052E-04   and   1.067E+02 	[ landmark_points ]
		5.089E-04   and   7.402E+00 	[ momenta ]
>> Step size and gradient norm: 
		5.262E-05   and   1.067E+02 	[ landmark_points ]
		2.545E-04   and   7.402E+00 	[ momenta ]
------------------------------------- Iteration: 89 -------------------------------------
>> Log-likelihood = -2.208E+00 	 [ attachment = -7.629E-01 ; regularity = -1.445E+00 ]
>> Step size and gradient norm: 
		7.892E-05   and   8.208E+01 	[ landmark_points ]
		3.817E-04   and   6.215E+00 	[ momenta ]
------------------------------------- Iteration: 90 -------------------------------------
>> Log-likelihood = -2.202E+00 	 [ attachment = -7.576E-01 ; regularity = -1.444E+00 ]
>> Step size and gradient norm: 
		3.946E-05   and   8.157E+01 	[ landmark_points ]
		3.817E-04   and   5.992E+00 	[ momenta ]
------------------------------------- Iteration: 91 -------------------------------------
>> Log-likelihood = -2.196E+00 	 [ attachment = -7.522E-01 ; regularity = -1.444E+00 ]
>> Step size and gradient norm: 
		5.919E-05   and   7.634E+01 	[ landmark_points ]
		5.725E-04   and   5.868E+00 	[ momenta ]
------------------------------------- Iteration: 92 -------------------------------------
>> Log-likelihood = -2.192E+00 	 [ attachment = -7.480E-01 ; regularity = -1.444E+00 ]
>> Step size and gradient norm: 
		5.919E-05   and   7.777E+01 	[ landmark_points ]
		2.863E-04   and   5.805E+00 	[ momenta ]
------------------------------------- Iteration: 93 -------------------------------------
>> Log-likelihood = -2.187E+00 	 [ attachment = -7.438E-01 ; regularity = -1.443E+00 ]
>> Step size and gradient norm: 
		8.879E-05   and   7.616E+01 	[ landmark_points ]
		4.294E-04   and   5.842E+00 	[ momenta ]
------------------------------------- Iteration: 94 -------------------------------------
>> Log-likelihood = -2.183E+00 	 [ attachment = -7.402E-01 ; regularity = -1.443E+00 ]
>> Step size and gradient norm: 
		4.439E-05   and   9.417E+01 	[ landmark_points ]
		4.294E-04   and   6.602E+00 	[ momenta ]
------------------------------------- Iteration: 95 -------------------------------------
>> Log-likelihood = -2.180E+00 	 [ attachment = -7.370E-01 ; regularity = -1.443E+00 ]
>> Step size and gradient norm: 
		6.659E-05   and   1.106E+02 	[ landmark_points ]
		6.441E-04   and   7.689E+00 	[ momenta ]
------------------------------------- Iteration: 96 -------------------------------------
>> Log-likelihood = -2.179E+00 	 [ attachment = -7.368E-01 ; regularity = -1.442E+00 ]
>> Step size and gradient norm: 
		6.659E-05   and   1.397E+02 	[ landmark_points ]
		3.221E-04   and   9.184E+00 	[ momenta ]
------------------------------------- Iteration: 97 -------------------------------------
>> Log-likelihood = -2.168E+00 	 [ attachment = -7.265E-01 ; regularity = -1.442E+00 ]
>> Step size and gradient norm: 
		3.330E-05   and   9.055E+01 	[ landmark_points ]
		3.221E-04   and   6.541E+00 	[ momenta ]
------------------------------------- Iteration: 98 -------------------------------------
>> Log-likelihood = -2.161E+00 	 [ attachment = -7.201E-01 ; regularity = -1.441E+00 ]
>> Step size and gradient norm: 
		4.994E-05   and   6.254E+01 	[ landmark_points ]
		4.831E-04   and   4.902E+00 	[ momenta ]
------------------------------------- Iteration: 99 -------------------------------------
>> Log-likelihood = -2.158E+00 	 [ attachment = -7.171E-01 ; regularity = -1.441E+00 ]
>> Step size and gradient norm: 
		7.492E-05   and   8.831E+01 	[ landmark_points ]
		7.246E-04   and   6.394E+00 	[ momenta ]
>> Step size and gradient norm: 
		3.746E-05   and   8.831E+01 	[ landmark_points ]
		3.623E-04   and   6.394E+00 	[ momenta ]
------------------------------------- Iteration: 100 -------------------------------------
>> Log-likelihood = -2.152E+00 	 [ attachment = -7.121E-01 ; regularity = -1.440E+00 ]
>> Estimation took: 11 minutes and 22 seconds
/home/jakaria/ENV_reg/lib/python3.8/site-packages/deformetrica/core/observations/deformable_objects/landmarks/surface_mesh.py:37: UserWarning: This overload of nonzero is deprecated:
	nonzero(Tensor input, *, Tensor out)
Consider using one of the following signatures instead:
	nonzero(Tensor input, *, bool as_tuple) (Triggered internally at  /pytorch/torch/csrc/utils/python_arg_parser.cpp:766.)
  triangles_to_keep = torch.nonzero(torch.norm(normals, 2, 1) != 0)
