
Due to MODULEPATH changes, the following have been reloaded:
  1) libfabric/1.10.1     2) openmpi/4.0.3     3) ucx/1.8.0

Logger has been set to: INFO
>> No initial CP spacing given: using diffeo kernel width of 0.05
OMP_NUM_THREADS was not found in environment variables. An automatic value will be set.
OMP_NUM_THREADS will be set to 24
>> No specified state-file. By default, Deformetrica state will by saved in file: /home/jakaria/jakariaTest/hippoData_regstrd_disease/deformetrica-state.p.
>> Removing the pre-existing state file with same path.
>> Set of 1575 control points defined.
>> Momenta initialized to zero, for 567 subjects.
>> Started estimator: GradientAscent
Compiling libKeOpstorch208579f4c0 in /home/jakaria/.cache/pykeops-1.4.1-cpython-38-gpu0-1-2-3/build-libKeOpstorch208579f4c0:
       formula: Sum_Reduction(Exp(-G*SqDist(X,Y)) * P,0)
       aliases: G = Pm(0,1); X = Vi(1,3); Y = Vj(2,3); P = Vj(3,3); 
       dtype  : float32
... CMake Warning (dev) at keops/cuda.cmake:12 (find_package):
  Policy CMP0074 is not set: find_package uses <PackageName>_ROOT variables.
  Run "cmake --help-policy CMP0074" for policy details.  Use the cmake_policy
  command to set the policy and suppress this warning.

  Environment variable CUDA_ROOT is set to:

    /cvmfs/soft.computecanada.ca/easybuild/software/2020/Core/cudacore/11.0.2

  For compatibility, CMake is ignoring the variable.
Call Stack (most recent call first):
  CMakeLists.txt:15 (include)
This warning is for project developers.  Use -Wno-dev to suppress it.

Generated /home/jakaria/.cache/pykeops-1.4.1-cpython-38-gpu0-1-2-3/build-libKeOpstorch208579f4c0/CMakeFiles/keopslibKeOpstorch208579f4c0.dir/keops/core/./keopslibKeOpstorch208579f4c0_generated_link_autodiff.cu.o successfully.
Done.
Compiling libKeOpstorchcc5b1a70b1 in /home/jakaria/.cache/pykeops-1.4.1-cpython-38-gpu0-1-2-3/build-libKeOpstorchcc5b1a70b1:
       formula: Sum_Reduction((Px|Py) * Exp(-G*SqDist(X,Y)) * (X-Y),0)
       aliases: G = Pm(0,1); X = Vi(1,3); Y = Vj(2,3); Px = Vi(3,3); Py = Vj(4,3); 
       dtype  : float32
... CMake Warning (dev) at keops/cuda.cmake:12 (find_package):
  Policy CMP0074 is not set: find_package uses <PackageName>_ROOT variables.
  Run "cmake --help-policy CMP0074" for policy details.  Use the cmake_policy
  command to set the policy and suppress this warning.

  Environment variable CUDA_ROOT is set to:

    /cvmfs/soft.computecanada.ca/easybuild/software/2020/Core/cudacore/11.0.2

  For compatibility, CMake is ignoring the variable.
Call Stack (most recent call first):
  CMakeLists.txt:15 (include)
This warning is for project developers.  Use -Wno-dev to suppress it.

Generated /home/jakaria/.cache/pykeops-1.4.1-cpython-38-gpu0-1-2-3/build-libKeOpstorchcc5b1a70b1/CMakeFiles/keopslibKeOpstorchcc5b1a70b1.dir/keops/core/./keopslibKeOpstorchcc5b1a70b1_generated_link_autodiff.cu.o successfully.
Done.
Compiling libKeOpstorchcba853c866 in /home/jakaria/.cache/pykeops-1.4.1-cpython-38-gpu0-1-2-3/build-libKeOpstorchcba853c866:
       formula: Sum_Reduction(Exp(-(WeightedSqDist(G, X, Y))) * Square((Nx|Ny)) * P,0)
       aliases: G = Pm(0,1); X = Vi(1,3); Y = Vj(2,3); Nx = Vi(3,3); Ny = Vj(4,3); P = Vj(5,1); 
       dtype  : float32
... CMake Warning (dev) at keops/cuda.cmake:12 (find_package):
  Policy CMP0074 is not set: find_package uses <PackageName>_ROOT variables.
  Run "cmake --help-policy CMP0074" for policy details.  Use the cmake_policy
  command to set the policy and suppress this warning.

  Environment variable CUDA_ROOT is set to:

    /cvmfs/soft.computecanada.ca/easybuild/software/2020/Core/cudacore/11.0.2

  For compatibility, CMake is ignoring the variable.
Call Stack (most recent call first):
  CMakeLists.txt:15 (include)
This warning is for project developers.  Use -Wno-dev to suppress it.

Generated /home/jakaria/.cache/pykeops-1.4.1-cpython-38-gpu0-1-2-3/build-libKeOpstorchcba853c866/CMakeFiles/keopslibKeOpstorchcba853c866.dir/keops/core/./keopslibKeOpstorchcba853c866_generated_link_autodiff.cu.o successfully.
Done.
Compiling libKeOpstorch2af5edc3b9 in /home/jakaria/.cache/pykeops-1.4.1-cpython-38-gpu0-1-2-3/build-libKeOpstorch2af5edc3b9:
       formula: Grad_WithSavedForward(Sum_Reduction(Exp(-G*SqDist(X,Y)) * P,0), Var(3,3,1), Var(4,3,0), Var(5,3,0))
       aliases: G = Pm(0,1); X = Vi(1,3); Y = Vj(2,3); P = Vj(3,3); Var(4,3,0); Var(5,3,0); 
       dtype  : float32
... CMake Warning (dev) at keops/cuda.cmake:12 (find_package):
  Policy CMP0074 is not set: find_package uses <PackageName>_ROOT variables.
  Run "cmake --help-policy CMP0074" for policy details.  Use the cmake_policy
  command to set the policy and suppress this warning.

  Environment variable CUDA_ROOT is set to:

    /cvmfs/soft.computecanada.ca/easybuild/software/2020/Core/cudacore/11.0.2

  For compatibility, CMake is ignoring the variable.
Call Stack (most recent call first):
  CMakeLists.txt:15 (include)
This warning is for project developers.  Use -Wno-dev to suppress it.

Generated /home/jakaria/.cache/pykeops-1.4.1-cpython-38-gpu0-1-2-3/build-libKeOpstorch2af5edc3b9/CMakeFiles/keopslibKeOpstorch2af5edc3b9.dir/keops/core/./keopslibKeOpstorch2af5edc3b9_generated_link_autodiff.cu.o successfully.
Done.
Compiling libKeOpstorchce66c64797 in /home/jakaria/.cache/pykeops-1.4.1-cpython-38-gpu0-1-2-3/build-libKeOpstorchce66c64797:
       formula: Grad_WithSavedForward(Sum_Reduction(Exp(-(WeightedSqDist(G, X, Y))) * Square((Nx|Ny)) * P,0), Var(1,3,0), Var(6,1,0), Var(7,1,0))
       aliases: G = Pm(0,1); X = Vi(1,3); Y = Vj(2,3); Nx = Vi(3,3); Ny = Vj(4,3); P = Vj(5,1); Var(6,1,0); Var(7,1,0); 
       dtype  : float32
... CMake Warning (dev) at keops/cuda.cmake:12 (find_package):
  Policy CMP0074 is not set: find_package uses <PackageName>_ROOT variables.
  Run "cmake --help-policy CMP0074" for policy details.  Use the cmake_policy
  command to set the policy and suppress this warning.

  Environment variable CUDA_ROOT is set to:

    /cvmfs/soft.computecanada.ca/easybuild/software/2020/Core/cudacore/11.0.2

  For compatibility, CMake is ignoring the variable.
Call Stack (most recent call first):
  CMakeLists.txt:15 (include)
This warning is for project developers.  Use -Wno-dev to suppress it.

Generated /home/jakaria/.cache/pykeops-1.4.1-cpython-38-gpu0-1-2-3/build-libKeOpstorchce66c64797/CMakeFiles/keopslibKeOpstorchce66c64797.dir/keops/core/./keopslibKeOpstorchce66c64797_generated_link_autodiff.cu.o successfully.
Done.
Compiling libKeOpstorch2ea795c61a in /home/jakaria/.cache/pykeops-1.4.1-cpython-38-gpu0-1-2-3/build-libKeOpstorch2ea795c61a:
       formula: Grad_WithSavedForward(Sum_Reduction(Exp(-(WeightedSqDist(G, X, Y))) * Square((Nx|Ny)) * P,0), Var(3,3,0), Var(6,1,0), Var(7,1,0))
       aliases: G = Pm(0,1); X = Vi(1,3); Y = Vj(2,3); Nx = Vi(3,3); Ny = Vj(4,3); P = Vj(5,1); Var(6,1,0); Var(7,1,0); 
       dtype  : float32
... CMake Warning (dev) at keops/cuda.cmake:12 (find_package):
  Policy CMP0074 is not set: find_package uses <PackageName>_ROOT variables.
  Run "cmake --help-policy CMP0074" for policy details.  Use the cmake_policy
  command to set the policy and suppress this warning.

  Environment variable CUDA_ROOT is set to:

    /cvmfs/soft.computecanada.ca/easybuild/software/2020/Core/cudacore/11.0.2

  For compatibility, CMake is ignoring the variable.
Call Stack (most recent call first):
  CMakeLists.txt:15 (include)
This warning is for project developers.  Use -Wno-dev to suppress it.

Generated /home/jakaria/.cache/pykeops-1.4.1-cpython-38-gpu0-1-2-3/build-libKeOpstorch2ea795c61a/CMakeFiles/keopslibKeOpstorch2ea795c61a.dir/keops/core/./keopslibKeOpstorch2ea795c61a_generated_link_autodiff.cu.o successfully.
Done.
Compiling libKeOpstorch4061cf2410 in /home/jakaria/.cache/pykeops-1.4.1-cpython-38-gpu0-1-2-3/build-libKeOpstorch4061cf2410:
       formula: Grad_WithSavedForward(Sum_Reduction(Exp(-(WeightedSqDist(G, X, Y))) * Square((Nx|Ny)) * P,0), Var(2,3,1), Var(6,1,0), Var(7,1,0))
       aliases: G = Pm(0,1); X = Vi(1,3); Y = Vj(2,3); Nx = Vi(3,3); Ny = Vj(4,3); P = Vj(5,1); Var(6,1,0); Var(7,1,0); 
       dtype  : float32
... CMake Warning (dev) at keops/cuda.cmake:12 (find_package):
  Policy CMP0074 is not set: find_package uses <PackageName>_ROOT variables.
  Run "cmake --help-policy CMP0074" for policy details.  Use the cmake_policy
  command to set the policy and suppress this warning.

  Environment variable CUDA_ROOT is set to:

    /cvmfs/soft.computecanada.ca/easybuild/software/2020/Core/cudacore/11.0.2

  For compatibility, CMake is ignoring the variable.
Call Stack (most recent call first):
  CMakeLists.txt:15 (include)
This warning is for project developers.  Use -Wno-dev to suppress it.

Generated /home/jakaria/.cache/pykeops-1.4.1-cpython-38-gpu0-1-2-3/build-libKeOpstorch4061cf2410/CMakeFiles/keopslibKeOpstorch4061cf2410.dir/keops/core/./keopslibKeOpstorch4061cf2410_generated_link_autodiff.cu.o successfully.
Done.
Compiling libKeOpstorche8e11e3475 in /home/jakaria/.cache/pykeops-1.4.1-cpython-38-gpu0-1-2-3/build-libKeOpstorche8e11e3475:
       formula: Grad_WithSavedForward(Sum_Reduction(Exp(-(WeightedSqDist(G, X, Y))) * Square((Nx|Ny)) * P,0), Var(4,3,1), Var(6,1,0), Var(7,1,0))
       aliases: G = Pm(0,1); X = Vi(1,3); Y = Vj(2,3); Nx = Vi(3,3); Ny = Vj(4,3); P = Vj(5,1); Var(6,1,0); Var(7,1,0); 
       dtype  : float32
... CMake Warning (dev) at keops/cuda.cmake:12 (find_package):
  Policy CMP0074 is not set: find_package uses <PackageName>_ROOT variables.
  Run "cmake --help-policy CMP0074" for policy details.  Use the cmake_policy
  command to set the policy and suppress this warning.

  Environment variable CUDA_ROOT is set to:

    /cvmfs/soft.computecanada.ca/easybuild/software/2020/Core/cudacore/11.0.2

  For compatibility, CMake is ignoring the variable.
Call Stack (most recent call first):
  CMakeLists.txt:15 (include)
This warning is for project developers.  Use -Wno-dev to suppress it.

Generated /home/jakaria/.cache/pykeops-1.4.1-cpython-38-gpu0-1-2-3/build-libKeOpstorche8e11e3475/CMakeFiles/keopslibKeOpstorche8e11e3475.dir/keops/core/./keopslibKeOpstorche8e11e3475_generated_link_autodiff.cu.o successfully.
Done.
Compiling libKeOpstorch9d9191d1b3 in /home/jakaria/.cache/pykeops-1.4.1-cpython-38-gpu0-1-2-3/build-libKeOpstorch9d9191d1b3:
       formula: Grad_WithSavedForward(Sum_Reduction(Exp(-(WeightedSqDist(G, X, Y))) * Square((Nx|Ny)) * P,0), Var(5,1,1), Var(6,1,0), Var(7,1,0))
       aliases: G = Pm(0,1); X = Vi(1,3); Y = Vj(2,3); Nx = Vi(3,3); Ny = Vj(4,3); P = Vj(5,1); Var(6,1,0); Var(7,1,0); 
       dtype  : float32
... CMake Warning (dev) at keops/cuda.cmake:12 (find_package):
  Policy CMP0074 is not set: find_package uses <PackageName>_ROOT variables.
  Run "cmake --help-policy CMP0074" for policy details.  Use the cmake_policy
  command to set the policy and suppress this warning.

  Environment variable CUDA_ROOT is set to:

    /cvmfs/soft.computecanada.ca/easybuild/software/2020/Core/cudacore/11.0.2

  For compatibility, CMake is ignoring the variable.
Call Stack (most recent call first):
  CMakeLists.txt:15 (include)
This warning is for project developers.  Use -Wno-dev to suppress it.

Generated /home/jakaria/.cache/pykeops-1.4.1-cpython-38-gpu0-1-2-3/build-libKeOpstorch9d9191d1b3/CMakeFiles/keopslibKeOpstorch9d9191d1b3.dir/keops/core/./keopslibKeOpstorch9d9191d1b3_generated_link_autodiff.cu.o successfully.
Done.
Compiling libKeOpstorche1dbc09bb2 in /home/jakaria/.cache/pykeops-1.4.1-cpython-38-gpu0-1-2-3/build-libKeOpstorche1dbc09bb2:
       formula: Grad_WithSavedForward(Sum_Reduction(Exp(-G*SqDist(X,Y)) * P,0), Var(1,3,0), Var(4,3,0), Var(5,3,0))
       aliases: G = Pm(0,1); X = Vi(1,3); Y = Vj(2,3); P = Vj(3,3); Var(4,3,0); Var(5,3,0); 
       dtype  : float32
... CMake Warning (dev) at keops/cuda.cmake:12 (find_package):
  Policy CMP0074 is not set: find_package uses <PackageName>_ROOT variables.
  Run "cmake --help-policy CMP0074" for policy details.  Use the cmake_policy
  command to set the policy and suppress this warning.

  Environment variable CUDA_ROOT is set to:

    /cvmfs/soft.computecanada.ca/easybuild/software/2020/Core/cudacore/11.0.2

  For compatibility, CMake is ignoring the variable.
Call Stack (most recent call first):
  CMakeLists.txt:15 (include)
This warning is for project developers.  Use -Wno-dev to suppress it.

Generated /home/jakaria/.cache/pykeops-1.4.1-cpython-38-gpu0-1-2-3/build-libKeOpstorche1dbc09bb2/CMakeFiles/keopslibKeOpstorche1dbc09bb2.dir/keops/core/./keopslibKeOpstorche1dbc09bb2_generated_link_autodiff.cu.o successfully.
Done.
Compiling libKeOpstorch2d19876465 in /home/jakaria/.cache/pykeops-1.4.1-cpython-38-gpu0-1-2-3/build-libKeOpstorch2d19876465:
       formula: Grad_WithSavedForward(Sum_Reduction(Exp(-G*SqDist(X,Y)) * P,0), Var(2,3,1), Var(4,3,0), Var(5,3,0))
       aliases: G = Pm(0,1); X = Vi(1,3); Y = Vj(2,3); P = Vj(3,3); Var(4,3,0); Var(5,3,0); 
       dtype  : float32
... CMake Warning (dev) at keops/cuda.cmake:12 (find_package):
  Policy CMP0074 is not set: find_package uses <PackageName>_ROOT variables.
  Run "cmake --help-policy CMP0074" for policy details.  Use the cmake_policy
  command to set the policy and suppress this warning.

  Environment variable CUDA_ROOT is set to:

    /cvmfs/soft.computecanada.ca/easybuild/software/2020/Core/cudacore/11.0.2

  For compatibility, CMake is ignoring the variable.
Call Stack (most recent call first):
  CMakeLists.txt:15 (include)
This warning is for project developers.  Use -Wno-dev to suppress it.

Generated /home/jakaria/.cache/pykeops-1.4.1-cpython-38-gpu0-1-2-3/build-libKeOpstorch2d19876465/CMakeFiles/keopslibKeOpstorch2d19876465.dir/keops/core/./keopslibKeOpstorch2d19876465_generated_link_autodiff.cu.o successfully.
Done.
Compiling libKeOpstorch1d3991e004 in /home/jakaria/.cache/pykeops-1.4.1-cpython-38-gpu0-1-2-3/build-libKeOpstorch1d3991e004:
       formula: Grad_WithSavedForward(Sum_Reduction((Px|Py) * Exp(-G*SqDist(X,Y)) * (X-Y),0), Var(1,3,0), Var(5,3,0), Var(6,3,0))
       aliases: G = Pm(0,1); X = Vi(1,3); Y = Vj(2,3); Px = Vi(3,3); Py = Vj(4,3); Var(5,3,0); Var(6,3,0); 
       dtype  : float32
... CMake Warning (dev) at keops/cuda.cmake:12 (find_package):
  Policy CMP0074 is not set: find_package uses <PackageName>_ROOT variables.
  Run "cmake --help-policy CMP0074" for policy details.  Use the cmake_policy
  command to set the policy and suppress this warning.

  Environment variable CUDA_ROOT is set to:

    /cvmfs/soft.computecanada.ca/easybuild/software/2020/Core/cudacore/11.0.2

  For compatibility, CMake is ignoring the variable.
Call Stack (most recent call first):
  CMakeLists.txt:15 (include)
This warning is for project developers.  Use -Wno-dev to suppress it.

Generated /home/jakaria/.cache/pykeops-1.4.1-cpython-38-gpu0-1-2-3/build-libKeOpstorch1d3991e004/CMakeFiles/keopslibKeOpstorch1d3991e004.dir/keops/core/./keopslibKeOpstorch1d3991e004_generated_link_autodiff.cu.o successfully.
Done.
Compiling libKeOpstorchb6d257c4f6 in /home/jakaria/.cache/pykeops-1.4.1-cpython-38-gpu0-1-2-3/build-libKeOpstorchb6d257c4f6:
       formula: Grad_WithSavedForward(Sum_Reduction((Px|Py) * Exp(-G*SqDist(X,Y)) * (X-Y),0), Var(2,3,1), Var(5,3,0), Var(6,3,0))
       aliases: G = Pm(0,1); X = Vi(1,3); Y = Vj(2,3); Px = Vi(3,3); Py = Vj(4,3); Var(5,3,0); Var(6,3,0); 
       dtype  : float32
... CMake Warning (dev) at keops/cuda.cmake:12 (find_package):
  Policy CMP0074 is not set: find_package uses <PackageName>_ROOT variables.
  Run "cmake --help-policy CMP0074" for policy details.  Use the cmake_policy
  command to set the policy and suppress this warning.

  Environment variable CUDA_ROOT is set to:

    /cvmfs/soft.computecanada.ca/easybuild/software/2020/Core/cudacore/11.0.2

  For compatibility, CMake is ignoring the variable.
Call Stack (most recent call first):
  CMakeLists.txt:15 (include)
This warning is for project developers.  Use -Wno-dev to suppress it.

Generated /home/jakaria/.cache/pykeops-1.4.1-cpython-38-gpu0-1-2-3/build-libKeOpstorchb6d257c4f6/CMakeFiles/keopslibKeOpstorchb6d257c4f6.dir/keops/core/./keopslibKeOpstorchb6d257c4f6_generated_link_autodiff.cu.o successfully.
Done.
Compiling libKeOpstorchbf9a4c2db2 in /home/jakaria/.cache/pykeops-1.4.1-cpython-38-gpu0-1-2-3/build-libKeOpstorchbf9a4c2db2:
       formula: Grad_WithSavedForward(Sum_Reduction((Px|Py) * Exp(-G*SqDist(X,Y)) * (X-Y),0), Var(3,3,0), Var(5,3,0), Var(6,3,0))
       aliases: G = Pm(0,1); X = Vi(1,3); Y = Vj(2,3); Px = Vi(3,3); Py = Vj(4,3); Var(5,3,0); Var(6,3,0); 
       dtype  : float32
... CMake Warning (dev) at keops/cuda.cmake:12 (find_package):
  Policy CMP0074 is not set: find_package uses <PackageName>_ROOT variables.
  Run "cmake --help-policy CMP0074" for policy details.  Use the cmake_policy
  command to set the policy and suppress this warning.

  Environment variable CUDA_ROOT is set to:

    /cvmfs/soft.computecanada.ca/easybuild/software/2020/Core/cudacore/11.0.2

  For compatibility, CMake is ignoring the variable.
Call Stack (most recent call first):
  CMakeLists.txt:15 (include)
This warning is for project developers.  Use -Wno-dev to suppress it.

Generated /home/jakaria/.cache/pykeops-1.4.1-cpython-38-gpu0-1-2-3/build-libKeOpstorchbf9a4c2db2/CMakeFiles/keopslibKeOpstorchbf9a4c2db2.dir/keops/core/./keopslibKeOpstorchbf9a4c2db2_generated_link_autodiff.cu.o successfully.
Done.
Compiling libKeOpstorch24b82fd49e in /home/jakaria/.cache/pykeops-1.4.1-cpython-38-gpu0-1-2-3/build-libKeOpstorch24b82fd49e:
       formula: Grad_WithSavedForward(Sum_Reduction((Px|Py) * Exp(-G*SqDist(X,Y)) * (X-Y),0), Var(4,3,1), Var(5,3,0), Var(6,3,0))
       aliases: G = Pm(0,1); X = Vi(1,3); Y = Vj(2,3); Px = Vi(3,3); Py = Vj(4,3); Var(5,3,0); Var(6,3,0); 
       dtype  : float32
... CMake Warning (dev) at keops/cuda.cmake:12 (find_package):
  Policy CMP0074 is not set: find_package uses <PackageName>_ROOT variables.
  Run "cmake --help-policy CMP0074" for policy details.  Use the cmake_policy
  command to set the policy and suppress this warning.

  Environment variable CUDA_ROOT is set to:

    /cvmfs/soft.computecanada.ca/easybuild/software/2020/Core/cudacore/11.0.2

  For compatibility, CMake is ignoring the variable.
Call Stack (most recent call first):
  CMakeLists.txt:15 (include)
This warning is for project developers.  Use -Wno-dev to suppress it.

Generated /home/jakaria/.cache/pykeops-1.4.1-cpython-38-gpu0-1-2-3/build-libKeOpstorch24b82fd49e/CMakeFiles/keopslibKeOpstorch24b82fd49e.dir/keops/core/./keopslibKeOpstorch24b82fd49e_generated_link_autodiff.cu.o successfully.
Done.
------------------------------------- Iteration: 0 -------------------------------------
>> Log-likelihood = -6.563E+03 	 [ attachment = -6.563E+03 ; regularity = 0.000E+00 ]
>> Step size and gradient norm: 
		3.180E-06   and   1.572E+05 	[ landmark_points ]
		1.548E-04   and   3.230E+03 	[ momenta ]
------------------------------------- Iteration: 1 -------------------------------------
>> Log-likelihood = -4.135E+03 	 [ attachment = -4.134E+03 ; regularity = -8.971E-01 ]
>> Step size and gradient norm: 
		4.771E-06   and   6.324E+04 	[ landmark_points ]
		2.322E-04   and   2.660E+03 	[ momenta ]
------------------------------------- Iteration: 2 -------------------------------------
>> Log-likelihood = -2.561E+03 	 [ attachment = -2.557E+03 ; regularity = -4.043E+00 ]
>> Step size and gradient norm: 
		7.156E-06   and   5.308E+04 	[ landmark_points ]
		3.483E-04   and   2.021E+03 	[ momenta ]
------------------------------------- Iteration: 3 -------------------------------------
>> Log-likelihood = -1.920E+03 	 [ attachment = -1.910E+03 ; regularity = -1.031E+01 ]
>> Step size and gradient norm: 
		1.073E-05   and   1.421E+05 	[ landmark_points ]
		5.225E-04   and   2.005E+03 	[ momenta ]
>> Step size and gradient norm: 
		5.367E-06   and   1.421E+05 	[ landmark_points ]
		2.613E-04   and   2.005E+03 	[ momenta ]
------------------------------------- Iteration: 4 -------------------------------------
>> Log-likelihood = -1.373E+03 	 [ attachment = -1.360E+03 ; regularity = -1.325E+01 ]
>> Step size and gradient norm: 
		2.683E-06   and   1.191E+05 	[ landmark_points ]
		2.613E-04   and   1.684E+03 	[ momenta ]
------------------------------------- Iteration: 5 -------------------------------------
>> Log-likelihood = -1.077E+03 	 [ attachment = -1.061E+03 ; regularity = -1.573E+01 ]
>> Step size and gradient norm: 
		4.025E-06   and   1.112E+05 	[ landmark_points ]
		3.919E-04   and   1.502E+03 	[ momenta ]
------------------------------------- Iteration: 6 -------------------------------------
>> Log-likelihood = -8.727E+02 	 [ attachment = -8.535E+02 ; regularity = -1.919E+01 ]
>> Step size and gradient norm: 
		2.013E-06   and   1.150E+05 	[ landmark_points ]
		3.919E-04   and   1.466E+03 	[ momenta ]
------------------------------------- Iteration: 7 -------------------------------------
>> Log-likelihood = -7.784E+02 	 [ attachment = -7.574E+02 ; regularity = -2.104E+01 ]
>> Step size and gradient norm: 
		3.019E-06   and   1.227E+05 	[ landmark_points ]
		5.878E-04   and   1.502E+03 	[ momenta ]
>> Step size and gradient norm: 
		1.509E-06   and   1.227E+05 	[ landmark_points ]
		2.939E-04   and   1.502E+03 	[ momenta ]
------------------------------------- Iteration: 8 -------------------------------------
>> Log-likelihood = -4.751E+02 	 [ attachment = -4.528E+02 ; regularity = -2.228E+01 ]
>> Step size and gradient norm: 
		2.264E-06   and   7.084E+04 	[ landmark_points ]
		4.409E-04   and   9.251E+02 	[ momenta ]
------------------------------------- Iteration: 9 -------------------------------------
>> Log-likelihood = -3.840E+02 	 [ attachment = -3.602E+02 ; regularity = -2.372E+01 ]
>> Step size and gradient norm: 
		1.132E-06   and   6.458E+04 	[ landmark_points ]
		4.409E-04   and   8.280E+02 	[ momenta ]
------------------------------------- Iteration: 10 -------------------------------------
>> Log-likelihood = -3.222E+02 	 [ attachment = -2.972E+02 ; regularity = -2.493E+01 ]
>> Step size and gradient norm: 
		1.698E-06   and   6.003E+04 	[ landmark_points ]
		6.613E-04   and   7.582E+02 	[ momenta ]
------------------------------------- Iteration: 11 -------------------------------------
>> Log-likelihood = -2.725E+02 	 [ attachment = -2.471E+02 ; regularity = -2.550E+01 ]
>> Step size and gradient norm: 
		1.698E-06   and   5.120E+04 	[ landmark_points ]
		3.306E-04   and   6.489E+02 	[ momenta ]
------------------------------------- Iteration: 12 -------------------------------------
>> Log-likelihood = -2.357E+02 	 [ attachment = -2.095E+02 ; regularity = -2.619E+01 ]
>> Step size and gradient norm: 
		2.547E-06   and   4.411E+04 	[ landmark_points ]
		4.960E-04   and   5.635E+02 	[ momenta ]
------------------------------------- Iteration: 13 -------------------------------------
>> Log-likelihood = -2.212E+02 	 [ attachment = -1.948E+02 ; regularity = -2.649E+01 ]
>> Step size and gradient norm: 
		2.547E-06   and   4.417E+04 	[ landmark_points ]
		2.480E-04   and   5.570E+02 	[ momenta ]
------------------------------------- Iteration: 14 -------------------------------------
>> Log-likelihood = -2.094E+02 	 [ attachment = -1.825E+02 ; regularity = -2.695E+01 ]
>> Step size and gradient norm: 
		3.821E-06   and   4.444E+04 	[ landmark_points ]
		3.720E-04   and   5.566E+02 	[ momenta ]
------------------------------------- Iteration: 15 -------------------------------------
>> Log-likelihood = -2.046E+02 	 [ attachment = -1.773E+02 ; regularity = -2.736E+01 ]
>> Step size and gradient norm: 
		1.910E-06   and   4.915E+04 	[ landmark_points ]
		3.720E-04   and   6.035E+02 	[ momenta ]
------------------------------------- Iteration: 16 -------------------------------------
>> Log-likelihood = -1.597E+02 	 [ attachment = -1.321E+02 ; regularity = -2.758E+01 ]
>> Step size and gradient norm: 
		1.910E-06   and   2.531E+04 	[ landmark_points ]
		1.860E-04   and   3.373E+02 	[ momenta ]
------------------------------------- Iteration: 17 -------------------------------------
>> Log-likelihood = -1.441E+02 	 [ attachment = -1.163E+02 ; regularity = -2.776E+01 ]
>> Step size and gradient norm: 
		2.866E-06   and   1.338E+04 	[ landmark_points ]
		2.790E-04   and   2.197E+02 	[ momenta ]
------------------------------------- Iteration: 18 -------------------------------------
>> Log-likelihood = -1.388E+02 	 [ attachment = -1.107E+02 ; regularity = -2.805E+01 ]
>> Step size and gradient norm: 
		4.298E-06   and   1.699E+04 	[ landmark_points ]
		4.185E-04   and   2.450E+02 	[ momenta ]
------------------------------------- Iteration: 19 -------------------------------------
>> Log-likelihood = -1.354E+02 	 [ attachment = -1.070E+02 ; regularity = -2.844E+01 ]
>> Step size and gradient norm: 
		2.149E-06   and   2.347E+04 	[ landmark_points ]
		4.185E-04   and   3.046E+02 	[ momenta ]
------------------------------------- Iteration: 20 -------------------------------------
>> Log-likelihood = -1.256E+02 	 [ attachment = -9.699E+01 ; regularity = -2.859E+01 ]
>> Step size and gradient norm: 
		2.149E-06   and   1.689E+04 	[ landmark_points ]
		2.092E-04   and   2.321E+02 	[ momenta ]
------------------------------------- Iteration: 21 -------------------------------------
>> Log-likelihood = -1.190E+02 	 [ attachment = -9.028E+01 ; regularity = -2.875E+01 ]
>> Step size and gradient norm: 
		3.224E-06   and   1.219E+04 	[ landmark_points ]
		3.139E-04   and   1.845E+02 	[ momenta ]
------------------------------------- Iteration: 22 -------------------------------------
>> Log-likelihood = -1.187E+02 	 [ attachment = -8.974E+01 ; regularity = -2.897E+01 ]
>> Step size and gradient norm: 
		4.836E-06   and   1.910E+04 	[ landmark_points ]
		4.708E-04   and   2.492E+02 	[ momenta ]
>> Step size and gradient norm: 
		2.418E-06   and   1.910E+04 	[ landmark_points ]
		2.354E-04   and   2.492E+02 	[ momenta ]
------------------------------------- Iteration: 23 -------------------------------------
>> Log-likelihood = -1.145E+02 	 [ attachment = -8.540E+01 ; regularity = -2.912E+01 ]
>> Step size and gradient norm: 
		3.627E-06   and   1.784E+04 	[ landmark_points ]
		3.531E-04   and   2.346E+02 	[ momenta ]
------------------------------------- Iteration: 24 -------------------------------------
>> Log-likelihood = -1.108E+02 	 [ attachment = -8.146E+01 ; regularity = -2.934E+01 ]
>> Step size and gradient norm: 
		1.813E-06   and   1.833E+04 	[ landmark_points ]
		3.531E-04   and   2.365E+02 	[ momenta ]
------------------------------------- Iteration: 25 -------------------------------------
>> Log-likelihood = -1.077E+02 	 [ attachment = -7.814E+01 ; regularity = -2.953E+01 ]
>> Step size and gradient norm: 
		2.720E-06   and   1.882E+04 	[ landmark_points ]
		5.296E-04   and   2.399E+02 	[ momenta ]
>> Step size and gradient norm: 
		1.360E-06   and   1.882E+04 	[ landmark_points ]
		2.648E-04   and   2.399E+02 	[ momenta ]
------------------------------------- Iteration: 26 -------------------------------------
>> Log-likelihood = -9.980E+01 	 [ attachment = -7.015E+01 ; regularity = -2.966E+01 ]
>> Step size and gradient norm: 
		2.040E-06   and   9.936E+03 	[ landmark_points ]
		3.972E-04   and   1.447E+02 	[ momenta ]
------------------------------------- Iteration: 27 -------------------------------------
>> Log-likelihood = -9.794E+01 	 [ attachment = -6.811E+01 ; regularity = -2.984E+01 ]
>> Step size and gradient norm: 
		3.060E-06   and   1.269E+04 	[ landmark_points ]
		5.958E-04   and   1.696E+02 	[ momenta ]
>> Step size and gradient norm: 
		1.530E-06   and   1.269E+04 	[ landmark_points ]
		2.979E-04   and   1.696E+02 	[ momenta ]
------------------------------------- Iteration: 28 -------------------------------------
>> Log-likelihood = -9.416E+01 	 [ attachment = -6.419E+01 ; regularity = -2.997E+01 ]
>> Step size and gradient norm: 
		2.295E-06   and   9.133E+03 	[ landmark_points ]
		4.469E-04   and   1.315E+02 	[ momenta ]
------------------------------------- Iteration: 29 -------------------------------------
>> Log-likelihood = -9.386E+01 	 [ attachment = -6.372E+01 ; regularity = -3.014E+01 ]
>> Step size and gradient norm: 
		3.443E-06   and   1.425E+04 	[ landmark_points ]
		6.703E-04   and   1.826E+02 	[ momenta ]
>> Step size and gradient norm: 
		1.721E-06   and   1.425E+04 	[ landmark_points ]
		3.352E-04   and   1.826E+02 	[ momenta ]
------------------------------------- Iteration: 30 -------------------------------------
>> Log-likelihood = -9.139E+01 	 [ attachment = -6.113E+01 ; regularity = -3.026E+01 ]
>> Step size and gradient norm: 
		2.582E-06   and   1.328E+04 	[ landmark_points ]
		5.027E-04   and   1.706E+02 	[ momenta ]
------------------------------------- Iteration: 31 -------------------------------------
>> Log-likelihood = -9.054E+01 	 [ attachment = -6.019E+01 ; regularity = -3.034E+01 ]
>> Step size and gradient norm: 
		2.582E-06   and   1.425E+04 	[ landmark_points ]
		2.514E-04   and   1.801E+02 	[ momenta ]
------------------------------------- Iteration: 32 -------------------------------------
>> Log-likelihood = -8.987E+01 	 [ attachment = -5.944E+01 ; regularity = -3.043E+01 ]
>> Step size and gradient norm: 
		3.873E-06   and   1.530E+04 	[ landmark_points ]
		3.771E-04   and   1.913E+02 	[ momenta ]
>> Step size and gradient norm: 
		1.936E-06   and   1.530E+04 	[ landmark_points ]
		1.885E-04   and   1.913E+02 	[ momenta ]
------------------------------------- Iteration: 33 -------------------------------------
>> Log-likelihood = -8.551E+01 	 [ attachment = -5.504E+01 ; regularity = -3.048E+01 ]
>> Step size and gradient norm: 
		2.905E-06   and   8.584E+03 	[ landmark_points ]
		2.828E-04   and   1.183E+02 	[ momenta ]
------------------------------------- Iteration: 34 -------------------------------------
>> Log-likelihood = -8.542E+01 	 [ attachment = -5.486E+01 ; regularity = -3.057E+01 ]
>> Step size and gradient norm: 
		4.357E-06   and   1.145E+04 	[ landmark_points ]
		4.242E-04   and   1.477E+02 	[ momenta ]
>> Step size and gradient norm: 
		2.178E-06   and   1.145E+04 	[ landmark_points ]
		2.121E-04   and   1.477E+02 	[ momenta ]
------------------------------------- Iteration: 35 -------------------------------------
>> Log-likelihood = -8.330E+01 	 [ attachment = -5.268E+01 ; regularity = -3.062E+01 ]
>> Step size and gradient norm: 
		3.268E-06   and   8.673E+03 	[ landmark_points ]
		3.181E-04   and   1.175E+02 	[ momenta ]
------------------------------------- Iteration: 36 -------------------------------------
>> Log-likelihood = -8.164E+01 	 [ attachment = -5.093E+01 ; regularity = -3.071E+01 ]
>> Step size and gradient norm: 
		1.634E-06   and   7.272E+03 	[ landmark_points ]
		3.181E-04   and   1.024E+02 	[ momenta ]
------------------------------------- Iteration: 37 -------------------------------------
>> Log-likelihood = -8.021E+01 	 [ attachment = -4.943E+01 ; regularity = -3.078E+01 ]
>> Step size and gradient norm: 
		2.451E-06   and   6.149E+03 	[ landmark_points ]
		4.772E-04   and   8.985E+01 	[ momenta ]
------------------------------------- Iteration: 38 -------------------------------------
>> Log-likelihood = -7.907E+01 	 [ attachment = -4.817E+01 ; regularity = -3.090E+01 ]
>> Step size and gradient norm: 
		1.225E-06   and   7.132E+03 	[ landmark_points ]
		4.772E-04   and   9.854E+01 	[ momenta ]
------------------------------------- Iteration: 39 -------------------------------------
>> Log-likelihood = -7.818E+01 	 [ attachment = -4.718E+01 ; regularity = -3.099E+01 ]
>> Step size and gradient norm: 
		1.838E-06   and   8.370E+03 	[ landmark_points ]
		7.158E-04   and   1.101E+02 	[ momenta ]
------------------------------------- Iteration: 40 -------------------------------------
>> Log-likelihood = -7.745E+01 	 [ attachment = -4.638E+01 ; regularity = -3.107E+01 ]
>> Step size and gradient norm: 
		1.838E-06   and   8.974E+03 	[ landmark_points ]
		3.579E-04   and   1.159E+02 	[ momenta ]
------------------------------------- Iteration: 41 -------------------------------------
>> Log-likelihood = -7.682E+01 	 [ attachment = -4.570E+01 ; regularity = -3.112E+01 ]
>> Step size and gradient norm: 
		2.757E-06   and   9.653E+03 	[ landmark_points ]
		5.369E-04   and   1.225E+02 	[ momenta ]
>> Step size and gradient norm: 
		1.379E-06   and   9.653E+03 	[ landmark_points ]
		2.684E-04   and   1.225E+02 	[ momenta ]
------------------------------------- Iteration: 42 -------------------------------------
>> Log-likelihood = -7.484E+01 	 [ attachment = -4.367E+01 ; regularity = -3.118E+01 ]
>> Step size and gradient norm: 
		2.068E-06   and   5.400E+03 	[ landmark_points ]
		4.026E-04   and   7.728E+01 	[ momenta ]
------------------------------------- Iteration: 43 -------------------------------------
>> Log-likelihood = -7.443E+01 	 [ attachment = -4.319E+01 ; regularity = -3.124E+01 ]
>> Step size and gradient norm: 
		3.102E-06   and   7.210E+03 	[ landmark_points ]
		6.040E-04   and   9.487E+01 	[ momenta ]
>> Step size and gradient norm: 
		1.551E-06   and   7.210E+03 	[ landmark_points ]
		3.020E-04   and   9.487E+01 	[ momenta ]
------------------------------------- Iteration: 44 -------------------------------------
>> Log-likelihood = -7.333E+01 	 [ attachment = -4.204E+01 ; regularity = -3.129E+01 ]
>> Step size and gradient norm: 
		2.326E-06   and   5.437E+03 	[ landmark_points ]
		4.530E-04   and   7.626E+01 	[ momenta ]
------------------------------------- Iteration: 45 -------------------------------------
>> Log-likelihood = -7.260E+01 	 [ attachment = -4.125E+01 ; regularity = -3.135E+01 ]
>> Step size and gradient norm: 
		1.163E-06   and   5.831E+03 	[ landmark_points ]
		4.530E-04   and   7.936E+01 	[ momenta ]
------------------------------------- Iteration: 46 -------------------------------------
>> Log-likelihood = -7.194E+01 	 [ attachment = -4.052E+01 ; regularity = -3.142E+01 ]
>> Step size and gradient norm: 
		1.745E-06   and   6.231E+03 	[ landmark_points ]
		6.795E-04   and   8.320E+01 	[ momenta ]
------------------------------------- Iteration: 47 -------------------------------------
>> Log-likelihood = -7.131E+01 	 [ attachment = -3.985E+01 ; regularity = -3.146E+01 ]
>> Step size and gradient norm: 
		1.745E-06   and   6.112E+03 	[ landmark_points ]
		3.397E-04   and   8.087E+01 	[ momenta ]
------------------------------------- Iteration: 48 -------------------------------------
>> Log-likelihood = -7.072E+01 	 [ attachment = -3.921E+01 ; regularity = -3.150E+01 ]
>> Step size and gradient norm: 
		2.617E-06   and   5.944E+03 	[ landmark_points ]
		5.096E-04   and   7.915E+01 	[ momenta ]
------------------------------------- Iteration: 49 -------------------------------------
>> Log-likelihood = -7.043E+01 	 [ attachment = -3.891E+01 ; regularity = -3.153E+01 ]
>> Step size and gradient norm: 
		2.617E-06   and   6.653E+03 	[ landmark_points ]
		2.548E-04   and   8.587E+01 	[ momenta ]
------------------------------------- Iteration: 50 -------------------------------------
>> Log-likelihood = -7.022E+01 	 [ attachment = -3.866E+01 ; regularity = -3.156E+01 ]
>> Step size and gradient norm: 
		3.926E-06   and   7.411E+03 	[ landmark_points ]
		3.822E-04   and   9.451E+01 	[ momenta ]
>> Step size and gradient norm: 
		1.963E-06   and   7.411E+03 	[ landmark_points ]
		1.911E-04   and   9.451E+01 	[ momenta ]
------------------------------------- Iteration: 51 -------------------------------------
>> Log-likelihood = -6.915E+01 	 [ attachment = -3.757E+01 ; regularity = -3.158E+01 ]
>> Step size and gradient norm: 
		2.944E-06   and   4.416E+03 	[ landmark_points ]
		2.866E-04   and   6.225E+01 	[ momenta ]
------------------------------------- Iteration: 52 -------------------------------------
>> Log-likelihood = -6.905E+01 	 [ attachment = -3.744E+01 ; regularity = -3.161E+01 ]
>> Step size and gradient norm: 
		4.416E-06   and   6.080E+03 	[ landmark_points ]
		4.300E-04   and   7.967E+01 	[ momenta ]
>> Step size and gradient norm: 
		2.208E-06   and   6.080E+03 	[ landmark_points ]
		2.150E-04   and   7.967E+01 	[ momenta ]
------------------------------------- Iteration: 53 -------------------------------------
>> Log-likelihood = -6.842E+01 	 [ attachment = -3.679E+01 ; regularity = -3.163E+01 ]
>> Step size and gradient norm: 
		3.312E-06   and   4.841E+03 	[ landmark_points ]
		3.225E-04   and   6.603E+01 	[ momenta ]
------------------------------------- Iteration: 54 -------------------------------------
>> Log-likelihood = -6.788E+01 	 [ attachment = -3.622E+01 ; regularity = -3.167E+01 ]
>> Step size and gradient norm: 
		1.656E-06   and   4.239E+03 	[ landmark_points ]
		3.225E-04   and   6.008E+01 	[ momenta ]
------------------------------------- Iteration: 55 -------------------------------------
>> Log-likelihood = -6.739E+01 	 [ attachment = -3.570E+01 ; regularity = -3.169E+01 ]
>> Step size and gradient norm: 
		2.484E-06   and   3.773E+03 	[ landmark_points ]
		4.837E-04   and   5.462E+01 	[ momenta ]
------------------------------------- Iteration: 56 -------------------------------------
>> Log-likelihood = -6.699E+01 	 [ attachment = -3.525E+01 ; regularity = -3.174E+01 ]
>> Step size and gradient norm: 
		1.242E-06   and   4.543E+03 	[ landmark_points ]
		4.837E-04   and   6.243E+01 	[ momenta ]
------------------------------------- Iteration: 57 -------------------------------------
>> Log-likelihood = -6.669E+01 	 [ attachment = -3.491E+01 ; regularity = -3.177E+01 ]
>> Step size and gradient norm: 
		1.863E-06   and   5.591E+03 	[ landmark_points ]
		7.256E-04   and   7.260E+01 	[ momenta ]
------------------------------------- Iteration: 58 -------------------------------------
>> Log-likelihood = -6.645E+01 	 [ attachment = -3.464E+01 ; regularity = -3.181E+01 ]
>> Step size and gradient norm: 
		1.863E-06   and   6.222E+03 	[ landmark_points ]
		3.628E-04   and   7.954E+01 	[ momenta ]
------------------------------------- Iteration: 59 -------------------------------------
>> Log-likelihood = -6.626E+01 	 [ attachment = -3.444E+01 ; regularity = -3.183E+01 ]
>> Step size and gradient norm: 
		2.795E-06   and   6.985E+03 	[ landmark_points ]
		5.442E-04   and   8.731E+01 	[ momenta ]
>> Step size and gradient norm: 
		1.397E-06   and   6.985E+03 	[ landmark_points ]
		2.721E-04   and   8.731E+01 	[ momenta ]
------------------------------------- Iteration: 60 -------------------------------------
>> Log-likelihood = -6.532E+01 	 [ attachment = -3.347E+01 ; regularity = -3.185E+01 ]
>> Step size and gradient norm: 
		2.096E-06   and   4.111E+03 	[ landmark_points ]
		4.081E-04   and   5.657E+01 	[ momenta ]
------------------------------------- Iteration: 61 -------------------------------------
>> Log-likelihood = -6.524E+01 	 [ attachment = -3.337E+01 ; regularity = -3.187E+01 ]
>> Step size and gradient norm: 
		3.144E-06   and   5.711E+03 	[ landmark_points ]
		6.122E-04   and   7.283E+01 	[ momenta ]
>> Step size and gradient norm: 
		1.572E-06   and   5.711E+03 	[ landmark_points ]
		3.061E-04   and   7.283E+01 	[ momenta ]
------------------------------------- Iteration: 62 -------------------------------------
>> Log-likelihood = -6.469E+01 	 [ attachment = -3.279E+01 ; regularity = -3.190E+01 ]
>> Step size and gradient norm: 
		2.358E-06   and   4.488E+03 	[ landmark_points ]
		4.592E-04   and   6.001E+01 	[ momenta ]
------------------------------------- Iteration: 63 -------------------------------------
>> Log-likelihood = -6.437E+01 	 [ attachment = -3.246E+01 ; regularity = -3.191E+01 ]
>> Step size and gradient norm: 
		2.358E-06   and   4.132E+03 	[ landmark_points ]
		2.296E-04   and   5.553E+01 	[ momenta ]
------------------------------------- Iteration: 64 -------------------------------------
>> Log-likelihood = -6.407E+01 	 [ attachment = -3.214E+01 ; regularity = -3.193E+01 ]
>> Step size and gradient norm: 
		3.537E-06   and   3.762E+03 	[ landmark_points ]
		3.444E-04   and   5.224E+01 	[ momenta ]
------------------------------------- Iteration: 65 -------------------------------------
>> Log-likelihood = -6.377E+01 	 [ attachment = -3.183E+01 ; regularity = -3.194E+01 ]
>> Step size and gradient norm: 
		1.769E-06   and   3.845E+03 	[ landmark_points ]
		3.444E-04   and   5.239E+01 	[ momenta ]
------------------------------------- Iteration: 66 -------------------------------------
>> Log-likelihood = -6.349E+01 	 [ attachment = -3.152E+01 ; regularity = -3.197E+01 ]
>> Step size and gradient norm: 
		2.653E-06   and   3.871E+03 	[ landmark_points ]
		5.166E-04   and   5.292E+01 	[ momenta ]
------------------------------------- Iteration: 67 -------------------------------------
>> Log-likelihood = -6.334E+01 	 [ attachment = -3.136E+01 ; regularity = -3.198E+01 ]
>> Step size and gradient norm: 
		2.653E-06   and   4.496E+03 	[ landmark_points ]
		2.583E-04   and   5.872E+01 	[ momenta ]
------------------------------------- Iteration: 68 -------------------------------------
>> Log-likelihood = -6.324E+01 	 [ attachment = -3.124E+01 ; regularity = -3.199E+01 ]
>> Step size and gradient norm: 
		3.979E-06   and   5.171E+03 	[ landmark_points ]
		3.874E-04   and   6.652E+01 	[ momenta ]
>> Step size and gradient norm: 
		1.990E-06   and   5.171E+03 	[ landmark_points ]
		1.937E-04   and   6.652E+01 	[ momenta ]
------------------------------------- Iteration: 69 -------------------------------------
>> Log-likelihood = -6.271E+01 	 [ attachment = -3.071E+01 ; regularity = -3.200E+01 ]
>> Step size and gradient norm: 
		2.984E-06   and   3.235E+03 	[ landmark_points ]
		2.906E-04   and   4.558E+01 	[ momenta ]
------------------------------------- Iteration: 70 -------------------------------------
>> Log-likelihood = -6.267E+01 	 [ attachment = -3.065E+01 ; regularity = -3.202E+01 ]
>> Step size and gradient norm: 
		4.477E-06   and   4.579E+03 	[ landmark_points ]
		4.358E-04   and   5.991E+01 	[ momenta ]
>> Step size and gradient norm: 
		2.238E-06   and   4.579E+03 	[ landmark_points ]
		2.179E-04   and   5.991E+01 	[ momenta ]
------------------------------------- Iteration: 71 -------------------------------------
>> Log-likelihood = -6.233E+01 	 [ attachment = -3.031E+01 ; regularity = -3.202E+01 ]
>> Step size and gradient norm: 
		3.358E-06   and   3.794E+03 	[ landmark_points ]
		3.269E-04   and   5.099E+01 	[ momenta ]
------------------------------------- Iteration: 72 -------------------------------------
>> Log-likelihood = -6.204E+01 	 [ attachment = -3.000E+01 ; regularity = -3.204E+01 ]
>> Step size and gradient norm: 
		1.679E-06   and   3.435E+03 	[ landmark_points ]
		3.269E-04   and   4.771E+01 	[ momenta ]
------------------------------------- Iteration: 73 -------------------------------------
>> Log-likelihood = -6.176E+01 	 [ attachment = -2.971E+01 ; regularity = -3.205E+01 ]
>> Step size and gradient norm: 
		2.518E-06   and   3.177E+03 	[ landmark_points ]
		4.903E-04   and   4.434E+01 	[ momenta ]
------------------------------------- Iteration: 74 -------------------------------------
>> Log-likelihood = -6.156E+01 	 [ attachment = -2.948E+01 ; regularity = -3.208E+01 ]
>> Step size and gradient norm: 
		1.259E-06   and   3.936E+03 	[ landmark_points ]
		4.903E-04   and   5.261E+01 	[ momenta ]
------------------------------------- Iteration: 75 -------------------------------------
>> Log-likelihood = -6.145E+01 	 [ attachment = -2.936E+01 ; regularity = -3.209E+01 ]
>> Step size and gradient norm: 
		1.889E-06   and   5.010E+03 	[ landmark_points ]
		7.355E-04   and   6.344E+01 	[ momenta ]
------------------------------------- Iteration: 76 -------------------------------------
>> Log-likelihood = -6.138E+01 	 [ attachment = -2.927E+01 ; regularity = -3.211E+01 ]
>> Step size and gradient norm: 
		1.889E-06   and   5.746E+03 	[ landmark_points ]
		3.677E-04   and   7.194E+01 	[ momenta ]
------------------------------------- Iteration: 77 -------------------------------------
>> Log-likelihood = -6.137E+01 	 [ attachment = -2.925E+01 ; regularity = -3.212E+01 ]
>> Step size and gradient norm: 
		2.833E-06   and   6.661E+03 	[ landmark_points ]
		5.516E-04   and   8.160E+01 	[ momenta ]
>> Step size and gradient norm: 
		1.416E-06   and   6.661E+03 	[ landmark_points ]
		2.758E-04   and   8.160E+01 	[ momenta ]
------------------------------------- Iteration: 78 -------------------------------------
>> Log-likelihood = -6.063E+01 	 [ attachment = -2.849E+01 ; regularity = -3.213E+01 ]
>> Step size and gradient norm: 
		2.125E-06   and   4.083E+03 	[ landmark_points ]
		4.137E-04   and   5.343E+01 	[ momenta ]
------------------------------------- Iteration: 79 -------------------------------------
>> Log-likelihood = -6.032E+01 	 [ attachment = -2.818E+01 ; regularity = -3.214E+01 ]
>> Step size and gradient norm: 
		2.125E-06   and   3.008E+03 	[ landmark_points ]
		2.069E-04   and   4.146E+01 	[ momenta ]
------------------------------------- Iteration: 80 -------------------------------------
>> Log-likelihood = -6.008E+01 	 [ attachment = -2.794E+01 ; regularity = -3.215E+01 ]
>> Step size and gradient norm: 
		3.187E-06   and   2.182E+03 	[ landmark_points ]
		3.103E-04   and   3.411E+01 	[ momenta ]
------------------------------------- Iteration: 81 -------------------------------------
>> Log-likelihood = -6.002E+01 	 [ attachment = -2.787E+01 ; regularity = -3.215E+01 ]
>> Step size and gradient norm: 
		4.781E-06   and   3.493E+03 	[ landmark_points ]
		4.654E-04   and   4.633E+01 	[ momenta ]
>> Step size and gradient norm: 
		2.390E-06   and   3.493E+03 	[ landmark_points ]
		2.327E-04   and   4.633E+01 	[ momenta ]
------------------------------------- Iteration: 82 -------------------------------------
>> Log-likelihood = -5.984E+01 	 [ attachment = -2.767E+01 ; regularity = -3.216E+01 ]
>> Step size and gradient norm: 
		3.585E-06   and   3.287E+03 	[ landmark_points ]
		3.491E-04   and   4.471E+01 	[ momenta ]
------------------------------------- Iteration: 83 -------------------------------------
>> Log-likelihood = -5.966E+01 	 [ attachment = -2.749E+01 ; regularity = -3.217E+01 ]
>> Step size and gradient norm: 
		1.793E-06   and   3.469E+03 	[ landmark_points ]
		3.491E-04   and   4.596E+01 	[ momenta ]
------------------------------------- Iteration: 84 -------------------------------------
>> Log-likelihood = -5.949E+01 	 [ attachment = -2.730E+01 ; regularity = -3.218E+01 ]
>> Step size and gradient norm: 
		2.689E-06   and   3.596E+03 	[ landmark_points ]
		5.236E-04   and   4.772E+01 	[ momenta ]
------------------------------------- Iteration: 85 -------------------------------------
>> Log-likelihood = -5.943E+01 	 [ attachment = -2.725E+01 ; regularity = -3.219E+01 ]
>> Step size and gradient norm: 
		2.689E-06   and   4.304E+03 	[ landmark_points ]
		2.618E-04   and   5.461E+01 	[ momenta ]
Tolerance threshold met. Stopping the optimization process.
>> Estimation took: 04 hours, 48 minutes and 10 seconds
/home/jakaria/ENV_reg/lib/python3.8/site-packages/deformetrica/core/observations/deformable_objects/landmarks/surface_mesh.py:37: UserWarning: This overload of nonzero is deprecated:
	nonzero(Tensor input, *, Tensor out)
Consider using one of the following signatures instead:
	nonzero(Tensor input, *, bool as_tuple) (Triggered internally at  /pytorch/torch/csrc/utils/python_arg_parser.cpp:766.)
  triangles_to_keep = torch.nonzero(torch.norm(normals, 2, 1) != 0)
